[0m[[0mdebug[0m] [0mForking tests - parallelism = false[0m
[0m[[0mdebug[0m] [0mCreate a single-thread test executor[0m
[0m[[0mdebug[0m] [0mFramework implementation 'org.specs2.runner.Specs2Framework' not present.[0m
[0m[[0mdebug[0m] [0mRunner for sbt.FrameworkWrapper produced 0 initial tasks for 0 tests.[0m
[0m[[0mdebug[0m] [0mRunner for sbt.FrameworkWrapper produced 2 initial tasks for 2 tests.[0m
[0m[[0mdebug[0m] [0m  Running TaskDef(ApplicationTest, sbt.ForkMain$AnnotatedFingerscan@7f611b73, false, [SuiteSelector])[0m
[0m[[0mdebug[0m] [0m[34mTest run started[0m[0m
[0m[[0mdebug[0m] [0mTest [33mApplicationTest[0m.[36msimpleCheck[0m started[0m
[0m[[0mdebug[0m] [0mTest [33mApplicationTest[0m.[36msimpleCheck[0m finished[0m
[0m[[0mdebug[0m] [0mTest [33mApplicationTest[0m.[36mrenderTemplate[0m started[0m
[0m[[31merror[0m] [0mTest [33mApplicationTest[0m.[31mrenderTemplate[0m failed: <'[0m
[0m[[31merror[0m] [0m[0m
[0m[[31merror[0m] [0m<!DOCTYPE html>[0m
[0m[[31merror[0m] [0m[0m
[0m[[31merror[0m] [0m<html>[0m
[0m[[31merror[0m] [0m    <head>[0m
[0m[[31merror[0m] [0m        <title>Welcome to Play</title>[0m
[0m[[31merror[0m] [0m        <link rel="stylesheet" media="screen" href="/assets/stylesheets/main.css">[0m
[0m[[31merror[0m] [0m        <link rel="shortcut icon" type="image/png" href="/assets/images/favicon.png">[0m
[0m[[31merror[0m] [0m        <script src="/assets/javascripts/jquery-1.9.0.min.js" type="text/javascript"></script>[0m
[0m[[31merror[0m] [0m    </head>[0m
[0m[[31merror[0m] [0m    <body>[0m
[0m[[31merror[0m] [0m        [0m
[0m[[31merror[0m] [0m[0m
[0m[[31merror[0m] [0m    <strong>Stats</strong><br>[0m
[0m[[31merror[0m] [0m    <div id="ping"></div>[0m
[0m[[31merror[0m] [0m[0m
[0m[[31merror[0m] [0m   <script type="text/javascript" charset="utf-8" src="/assets/javascripts/ping.js"></script>[0m
[0m[[31merror[0m] [0m[0m
[0m[[31merror[0m] [0m    </body>[0m
[0m[[31merror[0m] [0m</html>[0m
[0m[[31merror[0m] [0m[0m
[0m[[31merror[0m] [0m'> should contain the String:<'Your new application is ready.'>[0m
[0m[[0mdebug[0m] [0mTest [33mApplicationTest[0m.[36mrenderTemplate[0m finished[0m
[0m[[0mdebug[0m] [0m[34mTest run finished: [0m[31m1 failed[0m[34m, [0m[34m0 ignored[0m[34m, 2 total, 0.337s[0m[0m
[0m[[0mdebug[0m] [0m    Produced 0 nested tasks and 2 events.[0m
[0m[[0mdebug[0m] [0m  Running TaskDef(IntegrationTest, sbt.ForkMain$AnnotatedFingerscan@506c63d5, false, [SuiteSelector])[0m
[0m[[0mdebug[0m] [0m[34mTest run started[0m[0m
[0m[[0mdebug[0m] [0mTest [33mIntegrationTest[0m.[36mtest[0m started[0m
[0m[[31merror[0m] [0mTest [33mIntegrationTest[0m.[31mtest[0m failed: org.openqa.selenium.[31mWebDriverException[0m: com.gargoylesoftware.htmlunit.ScriptException: ReferenceError: "WebSocket" is not defined. (http://localhost:3333/assets/javascripts/ping.js#2)[0m
[0m[[31merror[0m] [0mBuild info: version: '2.32.0', revision: '6c40c187d01409a5dc3b7f8251859150c8af0bcb', time: '2013-04-09 10:39:28'[0m
[0m[[31merror[0m] [0mSystem info: os.name: 'Mac OS X', os.arch: 'x86_64', os.version: '10.10.5', java.version: '1.8.0_60'[0m
[0m[[31merror[0m] [0mDriver info: driver.version: HtmlUnitDriver[0m
[0m[[31merror[0m] [0m    at org.openqa.selenium.htmlunit.HtmlUnitDriver.get(HtmlUnitDriver.java:367)[0m
[0m[[31merror[0m] [0m    at org.openqa.selenium.htmlunit.HtmlUnitDriver.get(HtmlUnitDriver.java:346)[0m
[0m[[31merror[0m] [0m    at org.fluentlenium.core.Fluent.goTo(Fluent.java:228)[0m
[0m[[31merror[0m] [0m    at IntegrationTest$1.invoke([35mIntegrationTest.java[0m:[33m22[0m)[0m
[0m[[31merror[0m] [0m    at IntegrationTest$1.invoke([35mIntegrationTest.java[0m:[33m20[0m)[0m
[0m[[31merror[0m] [0m    at play.test.Helpers.running(Helpers.java:433)[0m
[0m[[31merror[0m] [0m    at IntegrationTest.test([35mIntegrationTest.java[0m:[33m20[0m)[0m
[0m[[31merror[0m] [0m    ...[0m
[0m[[31merror[0m] [0mCaused by: com.gargoylesoftware.htmlunit.ScriptException: ReferenceError: "WebSocket" is not defined. (http://localhost:3333/assets/javascripts/ping.js#2)[0m
[0m[[31merror[0m] [0m    at com.gargoylesoftware.htmlunit.javascript.JavaScriptEngine$HtmlUnitContextAction.run(JavaScriptEngine.java:669)[0m
[0m[[31merror[0m] [0m    at net.sourceforge.htmlunit.corejs.javascript.Context.call(Context.java:601)[0m
[0m[[31merror[0m] [0m    at net.sourceforge.htmlunit.corejs.javascript.ContextFactory.call(ContextFactory.java:507)[0m
[0m[[31merror[0m] [0m    at com.gargoylesoftware.htmlunit.javascript.JavaScriptEngine.callFunction(JavaScriptEngine.java:601)[0m
[0m[[31merror[0m] [0m    at com.gargoylesoftware.htmlunit.javascript.JavaScriptEngine.callFunction(JavaScriptEngine.java:576)[0m
[0m[[31merror[0m] [0m    at com.gargoylesoftware.htmlunit.html.HtmlPage.executeJavaScriptFunctionIfPossible(HtmlPage.java:1005)[0m
[0m[[31merror[0m] [0m    at com.gargoylesoftware.htmlunit.javascript.host.EventListenersContainer.executeEventListeners(EventListenersContainer.java:175)[0m
[0m[[31merror[0m] [0m    at com.gargoylesoftware.htmlunit.javascript.host.EventListenersContainer.executeBubblingListeners(EventListenersContainer.java:235)[0m
[0m[[31merror[0m] [0m    at com.gargoylesoftware.htmlunit.javascript.host.Node.fireEvent(Node.java:813)[0m
[0m[[31merror[0m] [0m    at com.gargoylesoftware.htmlunit.javascript.host.Node.fireEvent(Node.java:737)[0m
[0m[[31merror[0m] [0m    at com.gargoylesoftware.htmlunit.html.HtmlElement$1.run(HtmlElement.java:867)[0m
[0m[[31merror[0m] [0m    at net.sourceforge.htmlunit.corejs.javascript.Context.call(Context.java:601)[0m
[0m[[31merror[0m] [0m    at net.sourceforge.htmlunit.corejs.javascript.ContextFactory.call(ContextFactory.java:507)[0m
[0m[[31merror[0m] [0m    at com.gargoylesoftware.htmlunit.html.HtmlElement.fireEvent(HtmlElement.java:872)[0m
[0m[[31merror[0m] [0m    at com.gargoylesoftware.htmlunit.html.HtmlPage.executeEventHandlersIfNeeded(HtmlPage.java:1268)[0m
[0m[[31merror[0m] [0m    at com.gargoylesoftware.htmlunit.html.HtmlPage.initialize(HtmlPage.java:237)[0m
[0m[[31merror[0m] [0m    at com.gargoylesoftware.htmlunit.WebClient.loadWebResponseInto(WebClient.java:441)[0m
[0m[[31merror[0m] [0m    at com.gargoylesoftware.htmlunit.WebClient.getPage(WebClient.java:309)[0m
[0m[[31merror[0m] [0m    at com.gargoylesoftware.htmlunit.WebClient.getPage(WebClient.java:374)[0m
[0m[[31merror[0m] [0m    at org.openqa.selenium.htmlunit.HtmlUnitDriver.get(HtmlUnitDriver.java:359)[0m
[0m[[31merror[0m] [0m    ... 42 more[0m
[0m[[31merror[0m] [0mCaused by: net.sourceforge.htmlunit.corejs.javascript.EcmaError: ReferenceError: "WebSocket" is not defined. (http://localhost:3333/assets/javascripts/ping.js#2)[0m
[0m[[31merror[0m] [0m    at net.sourceforge.htmlunit.corejs.javascript.ScriptRuntime.constructError(ScriptRuntime.java:3603)[0m
[0m[[31merror[0m] [0m    at net.sourceforge.htmlunit.corejs.javascript.ScriptRuntime.constructError(ScriptRuntime.java:3587)[0m
[0m[[31merror[0m] [0m    at net.sourceforge.htmlunit.corejs.javascript.ScriptRuntime.notFoundError(ScriptRuntime.java:3657)[0m
[0m[[31merror[0m] [0m    at net.sourceforge.htmlunit.corejs.javascript.ScriptRuntime.nameOrFunction(ScriptRuntime.java:1749)[0m
[0m[[31merror[0m] [0m    at net.sourceforge.htmlunit.corejs.javascript.ScriptRuntime.name(ScriptRuntime.java:1690)[0m
[0m[[31merror[0m] [0m    at net.sourceforge.htmlunit.corejs.javascript.Interpreter.interpretLoop(Interpreter.java:1622)[0m
[0m[[31merror[0m] [0m    at net.sourceforge.htmlunit.corejs.javascript.Interpreter.interpret(Interpreter.java:798)[0m
[0m[[31merror[0m] [0m    at net.sourceforge.htmlunit.corejs.javascript.InterpretedFunction.call(InterpretedFunction.java:105)[0m
[0m[[31merror[0m] [0m    at net.sourceforge.htmlunit.corejs.javascript.ContextFactory.doTopCall(ContextFactory.java:405)[0m
[0m[[31merror[0m] [0m    at com.gargoylesoftware.htmlunit.javascript.HtmlUnitContextFactory.doTopCall(HtmlUnitContextFactory.java:275)[0m
[0m[[31merror[0m] [0m    at net.sourceforge.htmlunit.corejs.javascript.ScriptRuntime.doTopCall(ScriptRuntime.java:3031)[0m
[0m[[31merror[0m] [0m    at net.sourceforge.htmlunit.corejs.javascript.InterpretedFunction.call(InterpretedFunction.java:103)[0m
[0m[[31merror[0m] [0m    at com.gargoylesoftware.htmlunit.javascript.JavaScriptEngine$4.doRun(JavaScriptEngine.java:594)[0m
[0m[[31merror[0m] [0m    at com.gargoylesoftware.htmlunit.javascript.JavaScriptEngine$HtmlUnitContextAction.run(JavaScriptEngine.java:654)[0m
[0m[[31merror[0m] [0m    ... 61 more[0m
[0m[[0mdebug[0m] [0mTest [33mIntegrationTest[0m.[36mtest[0m finished[0m
[0m[[0mdebug[0m] [0m[34mTest run finished: [0m[31m1 failed[0m[34m, [0m[34m0 ignored[0m[34m, 1 total, 5.223s[0m[0m
[0m[[0mdebug[0m] [0m    Produced 0 nested tasks and 1 events.[0m
[0m[[0mdebug[0m] [0mSummary for specs2 not available.[0m
[0m[[0mdebug[0m] [0mSummary for JUnit not available.[0m
[0m[[31merror[0m] [0mFailed: Total 3, Failed 2, Errors 0, Passed 1[0m
[0m[[31merror[0m] [0mFailed tests:[0m
[0m[[31merror[0m] [0m	ApplicationTest[0m
[0m[[31merror[0m] [0m	IntegrationTest[0m
[0m[[31merror[0m] [0m(test:[31mtest[0m) sbt.TestsFailedException: Tests unsuccessful[0m
